# JRE version: Java(TM) SE Runtime Environment (21.0.6+8) (build 21.0.6+8-LTS-188)
# Java VM: Java HotSpot(TM) 64-Bit Server VM (21.0.6+8-LTS-188, mixed mode, sharing, tiered, compressed oops, compressed class ptrs, g1 gc, windows-amd64)
GC Precious Log:
 CardTable entry size: 512
 Card Set container configuration: InlinePtr #cards 4 size 8 Array Of Cards #cards 16 size 48 Howl #buckets 8 coarsen threshold 3686 Howl Bitmap #cards 512 size 80 coarsen threshold 460 Card regions per heap region 1 cards per card region 4096
 CPUs: 12 total, 12 available
 Memory: 16122M
 Large Page Support: Disabled
 NUMA Support: Disabled
 Compressed Oops: Enabled (Zero based)
 Heap Region Size: 2M
 Heap Min Capacity: 8M
 Heap Initial Capacity: 252M
 Heap Max Capacity: 4032M
 Pre-touch: Disabled
 Parallel Workers: 10
 Concurrent Workers: 3
 Concurrent Refinement Workers: 10
 Periodic GC: Disabled
Heap:
 garbage-first heap   total 131072K, used 98297K [0x0000000704000000, 0x0000000800000000)
  region size 2048K, 28 young (57344K), 2 survivors (4096K)
 Metaspace       used 96086K, committed 97088K, reserved 1179648K
  class space    used 12941K, committed 13376K, reserved 1048576K
GC Heap History (20 events):
Event: 2.053 GC heap before
{Heap before GC invocations=6 (full 0):
 garbage-first heap   total 61440K, used 44912K [0x0000000704000000, 0x0000000800000000)
  region size 2048K, 14 young (28672K), 2 survivors (4096K)
 Metaspace       used 28656K, committed 29120K, reserved 1114112K
  class space    used 3474K, committed 3648K, reserved 1048576K
}
Event: 2.055 GC heap after
{Heap after GC invocations=7 (full 0):
 garbage-first heap   total 61440K, used 21948K [0x0000000704000000, 0x0000000800000000)
  region size 2048K, 2 young (4096K), 2 survivors (4096K)
 Metaspace       used 28656K, committed 29120K, reserved 1114112K
  class space    used 3474K, committed 3648K, reserved 1048576K
}
Event: 2.447 GC heap before
{Heap before GC invocations=7 (full 0):
 garbage-first heap   total 61440K, used 48572K [0x0000000704000000, 0x0000000800000000)
  region size 2048K, 15 young (30720K), 2 survivors (4096K)
 Metaspace       used 32951K, committed 33536K, reserved 1114112K
  class space    used 4138K, committed 4416K, reserved 1048576K
}
Event: 2.449 GC heap after
{Heap after GC invocations=8 (full 0):
 garbage-first heap   total 61440K, used 23893K [0x0000000704000000, 0x0000000800000000)
  region size 2048K, 2 young (4096K), 2 survivors (4096K)
 Metaspace       used 32951K, committed 33536K, reserved 1114112K
  class space    used 4138K, committed 4416K, reserved 1048576K
}
Event: 2.729 GC heap before
{Heap before GC invocations=8 (full 0):
 garbage-first heap   total 61440K, used 40277K [0x0000000704000000, 0x0000000800000000)
  region size 2048K, 11 young (22528K), 2 survivors (4096K)
 Metaspace       used 35425K, committed 35968K, reserved 1114112K
  class space    used 4546K, committed 4800K, reserved 1048576K
}
Event: 2.732 GC heap after
{Heap after GC invocations=9 (full 0):
 garbage-first heap   total 61440K, used 25855K [0x0000000704000000, 0x0000000800000000)
  region size 2048K, 2 young (4096K), 2 survivors (4096K)
 Metaspace       used 35425K, committed 35968K, reserved 1114112K
  class space    used 4546K, committed 4800K, reserved 1048576K
}
Event: 3.128 GC heap before
{Heap before GC invocations=10 (full 0):
 garbage-first heap   total 61440K, used 48383K [0x0000000704000000, 0x0000000800000000)
  region size 2048K, 14 young (28672K), 2 survivors (4096K)
 Metaspace       used 39292K, committed 39872K, reserved 1114112K
  class space    used 4984K, committed 5248K, reserved 1048576K
}
Event: 3.132 GC heap after
{Heap after GC invocations=11 (full 0):
 garbage-first heap   total 159744K, used 28773K [0x0000000704000000, 0x0000000800000000)
  region size 2048K, 2 young (4096K), 2 survivors (4096K)
 Metaspace       used 39292K, committed 39872K, reserved 1114112K
  class space    used 4984K, committed 5248K, reserved 1048576K
}
Event: 4.271 GC heap before
{Heap before GC invocations=11 (full 0):
 garbage-first heap   total 159744K, used 106597K [0x0000000704000000, 0x0000000800000000)
  region size 2048K, 41 young (83968K), 2 survivors (4096K)
 Metaspace       used 59477K, committed 60096K, reserved 1114112K
  class space    used 7781K, committed 8064K, reserved 1048576K
}
Event: 4.278 GC heap after
{Heap after GC invocations=12 (full 0):
 garbage-first heap   total 159744K, used 34765K [0x0000000704000000, 0x0000000800000000)
  region size 2048K, 5 young (10240K), 5 survivors (10240K)
 Metaspace       used 59477K, committed 60096K, reserved 1114112K
  class space    used 7781K, committed 8064K, reserved 1048576K
}
Event: 4.284 GC heap before
{Heap before GC invocations=12 (full 0):
 garbage-first heap   total 159744K, used 34765K [0x0000000704000000, 0x0000000800000000)
  region size 2048K, 6 young (12288K), 5 survivors (10240K)
 Metaspace       used 59743K, committed 60416K, reserved 1114112K
  class space    used 7804K, committed 8128K, reserved 1048576K
}
Event: 4.289 GC heap after
{Heap after GC invocations=13 (full 0):
 garbage-first heap   total 159744K, used 35300K [0x0000000704000000, 0x0000000800000000)
  region size 2048K, 1 young (2048K), 1 survivors (2048K)
 Metaspace       used 59743K, committed 60416K, reserved 1114112K
  class space    used 7804K, committed 8128K, reserved 1048576K
}
Event: 6.195 GC heap before
{Heap before GC invocations=14 (full 0):
 garbage-first heap   total 131072K, used 111076K [0x0000000704000000, 0x0000000800000000)
  region size 2048K, 38 young (77824K), 1 survivors (2048K)
 Metaspace       used 72648K, committed 73344K, reserved 1114112K
  class space    used 9741K, committed 10048K, reserved 1048576K
}
Event: 6.198 GC heap after
{Heap after GC invocations=15 (full 0):
 garbage-first heap   total 131072K, used 40910K [0x0000000704000000, 0x0000000800000000)
  region size 2048K, 4 young (8192K), 4 survivors (8192K)
 Metaspace       used 72648K, committed 73344K, reserved 1114112K
  class space    used 9741K, committed 10048K, reserved 1048576K
}
Event: 7.310 GC heap before
{Heap before GC invocations=15 (full 0):
 garbage-first heap   total 131072K, used 110542K [0x0000000704000000, 0x0000000800000000)
  region size 2048K, 38 young (77824K), 4 survivors (8192K)
 Metaspace       used 84622K, committed 85504K, reserved 1179648K
  class space    used 11371K, committed 11776K, reserved 1048576K
}
Event: 7.317 GC heap after
{Heap after GC invocations=16 (full 0):
 garbage-first heap   total 131072K, used 48158K [0x0000000704000000, 0x0000000800000000)
  region size 2048K, 4 young (8192K), 4 survivors (8192K)
 Metaspace       used 84622K, committed 85504K, reserved 1179648K
  class space    used 11371K, committed 11776K, reserved 1048576K
}
Event: 72.445 GC heap before
{Heap before GC invocations=16 (full 0):
 garbage-first heap   total 131072K, used 99358K [0x0000000704000000, 0x0000000800000000)
  region size 2048K, 31 young (63488K), 4 survivors (8192K)
 Metaspace       used 95654K, committed 96576K, reserved 1179648K
  class space    used 12875K, committed 13312K, reserved 1048576K
}
Event: 72.497 GC heap after
{Heap after GC invocations=17 (full 1):
 garbage-first heap   total 131072K, used 43001K [0x0000000704000000, 0x0000000800000000)
  region size 2048K, 0 young (0K), 0 survivors (0K)
 Metaspace       used 95654K, committed 96576K, reserved 1179648K
  class space    used 12875K, committed 13312K, reserved 1048576K
}
Event: 75.215 GC heap before
{Heap before GC invocations=17 (full 1):
 garbage-first heap   total 131072K, used 108537K [0x0000000704000000, 0x0000000800000000)
  region size 2048K, 32 young (65536K), 0 survivors (0K)
 Metaspace       used 95904K, committed 96896K, reserved 1179648K
  class space    used 12928K, committed 13376K, reserved 1048576K
}
Event: 75.217 GC heap after
{Heap after GC invocations=18 (full 1):
 garbage-first heap   total 131072K, used 47097K [0x0000000704000000, 0x0000000800000000)
  region size 2048K, 2 young (4096K), 2 survivors (4096K)
 Metaspace       used 95904K, committed 96896K, reserved 1179648K
  class space    used 12928K, committed 13376K, reserved 1048576K
}

