# JRE version: OpenJDK Runtime Environment Temurin-21.0.7+6 (21.0.7+6) (build 21.0.7+6-LTS)
# Java VM: OpenJDK 64-Bit Server VM Temurin-21.0.7+6 (21.0.7+6-LTS, mixed mode, sharing, tiered, compressed oops, compressed class ptrs, parallel gc, windows-amd64)
GC Precious Log:
 CardTable entry size: 512
 CPUs: 12 total, 12 available
 Memory: 16122M
 Large Page Support: Disabled
 NUMA Support: Disabled
 Compressed Oops: Enabled (32-bit)
 Alignments: Space 512K, Generation 512K, Heap 2M
 Heap Min Capacity: 100M
 Heap Initial Capacity: 100M
 Heap Max Capacity: 2G
 Pre-touch: Disabled
 Parallel Workers: 10
Heap:
 PSYoungGen      total 2560K, used 2154K [0x00000000d5580000, 0x00000000d5a00000, 0x0000000100000000)
  eden space 2048K, 84% used [0x00000000d5580000,0x00000000d5732818,0x00000000d5780000)
  from space 512K, 81% used [0x00000000d5780000,0x00000000d57e8010,0x00000000d5800000)
  to   space 1024K, 0% used [0x00000000d5900000,0x00000000d5900000,0x00000000d5a00000)
 ParOldGen       total 840704K, used 244941K [0x0000000080000000, 0x00000000b3500000, 0x00000000d5580000)
  object space 840704K, 29% used [0x0000000080000000,0x000000008ef33690,0x00000000b3500000)
 Metaspace       used 66403K, committed 67968K, reserved 1114112K
  class space    used 6746K, committed 7424K, reserved 1048576K
GC Heap History (20 events):
Event: 61.163 GC heap before
{Heap before GC invocations=1338 (full 3):
 PSYoungGen      total 2560K, used 2359K [0x00000000d5580000, 0x00000000d5900000, 0x0000000100000000)
  eden space 2048K, 99% used [0x00000000d5580000,0x00000000d577dd80,0x00000000d5780000)
  from space 512K, 62% used [0x00000000d5880000,0x00000000d58d0000,0x00000000d5900000)
  to   space 512K, 0% used [0x00000000d5800000,0x00000000d5800000,0x00000000d5880000)
 ParOldGen       total 840704K, used 239703K [0x0000000080000000, 0x00000000b3500000, 0x00000000d5580000)
  object space 840704K, 28% used [0x0000000080000000,0x000000008ea15c40,0x00000000b3500000)
 Metaspace       used 64809K, committed 66304K, reserved 1114112K
  class space    used 6563K, committed 7232K, reserved 1048576K
}
Event: 61.164 GC heap after
{Heap after GC invocations=1338 (full 3):
 PSYoungGen      total 2560K, used 384K [0x00000000d5580000, 0x00000000d5900000, 0x0000000100000000)
  eden space 2048K, 0% used [0x00000000d5580000,0x00000000d5580000,0x00000000d5780000)
  from space 512K, 75% used [0x00000000d5800000,0x00000000d5860020,0x00000000d5880000)
  to   space 512K, 0% used [0x00000000d5880000,0x00000000d5880000,0x00000000d5900000)
 ParOldGen       total 840704K, used 239823K [0x0000000080000000, 0x00000000b3500000, 0x00000000d5580000)
  object space 840704K, 28% used [0x0000000080000000,0x000000008ea33c40,0x00000000b3500000)
 Metaspace       used 64809K, committed 66304K, reserved 1114112K
  class space    used 6563K, committed 7232K, reserved 1048576K
}
Event: 61.192 GC heap before
{Heap before GC invocations=1339 (full 3):
 PSYoungGen      total 2560K, used 2385K [0x00000000d5580000, 0x00000000d5900000, 0x0000000100000000)
  eden space 2048K, 97% used [0x00000000d5580000,0x00000000d5774518,0x00000000d5780000)
  from space 512K, 75% used [0x00000000d5800000,0x00000000d5860020,0x00000000d5880000)
  to   space 512K, 0% used [0x00000000d5880000,0x00000000d5880000,0x00000000d5900000)
 ParOldGen       total 840704K, used 239823K [0x0000000080000000, 0x00000000b3500000, 0x00000000d5580000)
  object space 840704K, 28% used [0x0000000080000000,0x000000008ea33c40,0x00000000b3500000)
 Metaspace       used 65100K, committed 66688K, reserved 1114112K
  class space    used 6587K, committed 7296K, reserved 1048576K
}
Event: 61.193 GC heap after
{Heap after GC invocations=1339 (full 3):
 PSYoungGen      total 2560K, used 442K [0x00000000d5580000, 0x00000000d5900000, 0x0000000100000000)
  eden space 2048K, 0% used [0x00000000d5580000,0x00000000d5580000,0x00000000d5780000)
  from space 512K, 86% used [0x00000000d5880000,0x00000000d58ee850,0x00000000d5900000)
  to   space 512K, 0% used [0x00000000d5800000,0x00000000d5800000,0x00000000d5880000)
 ParOldGen       total 840704K, used 239967K [0x0000000080000000, 0x00000000b3500000, 0x00000000d5580000)
  object space 840704K, 28% used [0x0000000080000000,0x000000008ea57c70,0x00000000b3500000)
 Metaspace       used 65100K, committed 66688K, reserved 1114112K
  class space    used 6587K, committed 7296K, reserved 1048576K
}
Event: 61.202 GC heap before
{Heap before GC invocations=1340 (full 3):
 PSYoungGen      total 2560K, used 2490K [0x00000000d5580000, 0x00000000d5900000, 0x0000000100000000)
  eden space 2048K, 99% used [0x00000000d5580000,0x00000000d577fff0,0x00000000d5780000)
  from space 512K, 86% used [0x00000000d5880000,0x00000000d58ee850,0x00000000d5900000)
  to   space 512K, 0% used [0x00000000d5800000,0x00000000d5800000,0x00000000d5880000)
 ParOldGen       total 840704K, used 239967K [0x0000000080000000, 0x00000000b3500000, 0x00000000d5580000)
  object space 840704K, 28% used [0x0000000080000000,0x000000008ea57c70,0x00000000b3500000)
 Metaspace       used 65375K, committed 66944K, reserved 1114112K
  class space    used 6615K, committed 7296K, reserved 1048576K
}
Event: 61.203 GC heap after
{Heap after GC invocations=1340 (full 3):
 PSYoungGen      total 2560K, used 423K [0x00000000d5580000, 0x00000000d5900000, 0x0000000100000000)
  eden space 2048K, 0% used [0x00000000d5580000,0x00000000d5580000,0x00000000d5780000)
  from space 512K, 82% used [0x00000000d5800000,0x00000000d5869e90,0x00000000d5880000)
  to   space 512K, 0% used [0x00000000d5880000,0x00000000d5880000,0x00000000d5900000)
 ParOldGen       total 840704K, used 240111K [0x0000000080000000, 0x00000000b3500000, 0x00000000d5580000)
  object space 840704K, 28% used [0x0000000080000000,0x000000008ea7bc90,0x00000000b3500000)
 Metaspace       used 65375K, committed 66944K, reserved 1114112K
  class space    used 6615K, committed 7296K, reserved 1048576K
}
Event: 61.216 GC heap before
{Heap before GC invocations=1341 (full 3):
 PSYoungGen      total 2560K, used 2471K [0x00000000d5580000, 0x00000000d5900000, 0x0000000100000000)
  eden space 2048K, 100% used [0x00000000d5580000,0x00000000d5780000,0x00000000d5780000)
  from space 512K, 82% used [0x00000000d5800000,0x00000000d5869e90,0x00000000d5880000)
  to   space 512K, 0% used [0x00000000d5880000,0x00000000d5880000,0x00000000d5900000)
 ParOldGen       total 840704K, used 240111K [0x0000000080000000, 0x00000000b3500000, 0x00000000d5580000)
  object space 840704K, 28% used [0x0000000080000000,0x000000008ea7bca8,0x00000000b3500000)
 Metaspace       used 65529K, committed 67072K, reserved 1114112K
  class space    used 6642K, committed 7296K, reserved 1048576K
}
Event: 61.217 GC heap after
{Heap after GC invocations=1341 (full 3):
 PSYoungGen      total 2560K, used 484K [0x00000000d5580000, 0x00000000d5980000, 0x0000000100000000)
  eden space 2048K, 0% used [0x00000000d5580000,0x00000000d5580000,0x00000000d5780000)
  from space 512K, 94% used [0x00000000d5880000,0x00000000d58f9260,0x00000000d5900000)
  to   space 1024K, 0% used [0x00000000d5780000,0x00000000d5780000,0x00000000d5880000)
 ParOldGen       total 840704K, used 240372K [0x0000000080000000, 0x00000000b3500000, 0x00000000d5580000)
  object space 840704K, 28% used [0x0000000080000000,0x000000008eabd338,0x00000000b3500000)
 Metaspace       used 65529K, committed 67072K, reserved 1114112K
  class space    used 6642K, committed 7296K, reserved 1048576K
}
Event: 61.222 GC heap before
{Heap before GC invocations=1342 (full 3):
 PSYoungGen      total 2560K, used 2532K [0x00000000d5580000, 0x00000000d5980000, 0x0000000100000000)
  eden space 2048K, 100% used [0x00000000d5580000,0x00000000d5780000,0x00000000d5780000)
  from space 512K, 94% used [0x00000000d5880000,0x00000000d58f9260,0x00000000d5900000)
  to   space 1024K, 0% used [0x00000000d5780000,0x00000000d5780000,0x00000000d5880000)
 ParOldGen       total 840704K, used 240474K [0x0000000080000000, 0x00000000b3500000, 0x00000000d5580000)
  object space 840704K, 28% used [0x0000000080000000,0x000000008ead68f0,0x00000000b3500000)
 Metaspace       used 65560K, committed 67136K, reserved 1114112K
  class space    used 6645K, committed 7360K, reserved 1048576K
}
Event: 61.222 GC heap after
{Heap after GC invocations=1342 (full 3):
 PSYoungGen      total 3072K, used 354K [0x00000000d5580000, 0x00000000d5900000, 0x0000000100000000)
  eden space 2048K, 0% used [0x00000000d5580000,0x00000000d5580000,0x00000000d5780000)
  from space 1024K, 34% used [0x00000000d5780000,0x00000000d57d88c0,0x00000000d5880000)
  to   space 512K, 0% used [0x00000000d5880000,0x00000000d5880000,0x00000000d5900000)
 ParOldGen       total 840704K, used 240865K [0x0000000080000000, 0x00000000b3500000, 0x00000000d5580000)
  object space 840704K, 28% used [0x0000000080000000,0x000000008eb38688,0x00000000b3500000)
 Metaspace       used 65560K, committed 67136K, reserved 1114112K
  class space    used 6645K, committed 7360K, reserved 1048576K
}
Event: 61.228 GC heap before
{Heap before GC invocations=1343 (full 3):
 PSYoungGen      total 3072K, used 2402K [0x00000000d5580000, 0x00000000d5900000, 0x0000000100000000)
  eden space 2048K, 100% used [0x00000000d5580000,0x00000000d5780000,0x00000000d5780000)
  from space 1024K, 34% used [0x00000000d5780000,0x00000000d57d88c0,0x00000000d5880000)
  to   space 512K, 0% used [0x00000000d5880000,0x00000000d5880000,0x00000000d5900000)
 ParOldGen       total 840704K, used 240865K [0x0000000080000000, 0x00000000b3500000, 0x00000000d5580000)
  object space 840704K, 28% used [0x0000000080000000,0x000000008eb38688,0x00000000b3500000)
 Metaspace       used 65651K, committed 67264K, reserved 1114112K
  class space    used 6660K, committed 7360K, reserved 1048576K
}
Event: 61.229 GC heap after
{Heap after GC invocations=1343 (full 3):
 PSYoungGen      total 2560K, used 352K [0x00000000d5580000, 0x00000000d5900000, 0x0000000100000000)
  eden space 2048K, 0% used [0x00000000d5580000,0x00000000d5580000,0x00000000d5780000)
  from space 512K, 68% used [0x00000000d5880000,0x00000000d58d8000,0x00000000d5900000)
  to   space 512K, 0% used [0x00000000d5800000,0x00000000d5800000,0x00000000d5880000)
 ParOldGen       total 840704K, used 242275K [0x0000000080000000, 0x00000000b3500000, 0x00000000d5580000)
  object space 840704K, 28% used [0x0000000080000000,0x000000008ec98e08,0x00000000b3500000)
 Metaspace       used 65651K, committed 67264K, reserved 1114112K
  class space    used 6660K, committed 7360K, reserved 1048576K
}
Event: 61.250 GC heap before
{Heap before GC invocations=1344 (full 3):
 PSYoungGen      total 2560K, used 2400K [0x00000000d5580000, 0x00000000d5900000, 0x0000000100000000)
  eden space 2048K, 100% used [0x00000000d5580000,0x00000000d5780000,0x00000000d5780000)
  from space 512K, 68% used [0x00000000d5880000,0x00000000d58d8000,0x00000000d5900000)
  to   space 512K, 0% used [0x00000000d5800000,0x00000000d5800000,0x00000000d5880000)
 ParOldGen       total 840704K, used 242410K [0x0000000080000000, 0x00000000b3500000, 0x00000000d5580000)
  object space 840704K, 28% used [0x0000000080000000,0x000000008ecba950,0x00000000b3500000)
 Metaspace       used 65870K, committed 67392K, reserved 1114112K
  class space    used 6695K, committed 7360K, reserved 1048576K
}
Event: 62.252 GC heap after
{Heap after GC invocations=1344 (full 3):
 PSYoungGen      total 2560K, used 511K [0x00000000d5580000, 0x00000000d5980000, 0x0000000100000000)
  eden space 2048K, 0% used [0x00000000d5580000,0x00000000d5580000,0x00000000d5780000)
  from space 512K, 99% used [0x00000000d5800000,0x00000000d587fe78,0x00000000d5880000)
  to   space 1024K, 0% used [0x00000000d5880000,0x00000000d5880000,0x00000000d5980000)
 ParOldGen       total 840704K, used 242618K [0x0000000080000000, 0x00000000b3500000, 0x00000000d5580000)
  object space 840704K, 28% used [0x0000000080000000,0x000000008ecee960,0x00000000b3500000)
 Metaspace       used 65870K, committed 67392K, reserved 1114112K
  class space    used 6695K, committed 7360K, reserved 1048576K
}
Event: 63.275 GC heap before
{Heap before GC invocations=1345 (full 3):
 PSYoungGen      total 2560K, used 2559K [0x00000000d5580000, 0x00000000d5980000, 0x0000000100000000)
  eden space 2048K, 100% used [0x00000000d5580000,0x00000000d5780000,0x00000000d5780000)
  from space 512K, 99% used [0x00000000d5800000,0x00000000d587fe78,0x00000000d5880000)
  to   space 1024K, 0% used [0x00000000d5880000,0x00000000d5880000,0x00000000d5980000)
 ParOldGen       total 840704K, used 242621K [0x0000000080000000, 0x00000000b3500000, 0x00000000d5580000)
  object space 840704K, 28% used [0x0000000080000000,0x000000008ecef400,0x00000000b3500000)
 Metaspace       used 65984K, committed 67520K, reserved 1114112K
  class space    used 6706K, committed 7360K, reserved 1048576K
}
Event: 63.278 GC heap after
{Heap after GC invocations=1345 (full 3):
 PSYoungGen      total 3072K, used 544K [0x00000000d5580000, 0x00000000d5980000, 0x0000000100000000)
  eden space 2048K, 0% used [0x00000000d5580000,0x00000000d5580000,0x00000000d5780000)
  from space 1024K, 53% used [0x00000000d5880000,0x00000000d5908000,0x00000000d5980000)
  to   space 1024K, 0% used [0x00000000d5780000,0x00000000d5780000,0x00000000d5880000)
 ParOldGen       total 840704K, used 242885K [0x0000000080000000, 0x00000000b3500000, 0x00000000d5580000)
  object space 840704K, 28% used [0x0000000080000000,0x000000008ed31450,0x00000000b3500000)
 Metaspace       used 65984K, committed 67520K, reserved 1114112K
  class space    used 6706K, committed 7360K, reserved 1048576K
}
Event: 64.294 GC heap before
{Heap before GC invocations=1346 (full 3):
 PSYoungGen      total 3072K, used 2586K [0x00000000d5580000, 0x00000000d5980000, 0x0000000100000000)
  eden space 2048K, 99% used [0x00000000d5580000,0x00000000d577e860,0x00000000d5780000)
  from space 1024K, 53% used [0x00000000d5880000,0x00000000d5908000,0x00000000d5980000)
  to   space 1024K, 0% used [0x00000000d5780000,0x00000000d5780000,0x00000000d5880000)
 ParOldGen       total 840704K, used 242885K [0x0000000080000000, 0x00000000b3500000, 0x00000000d5580000)
  object space 840704K, 28% used [0x0000000080000000,0x000000008ed31450,0x00000000b3500000)
 Metaspace       used 66028K, committed 67520K, reserved 1114112K
  class space    used 6720K, committed 7360K, reserved 1048576K
}
Event: 64.297 GC heap after
{Heap after GC invocations=1346 (full 3):
 PSYoungGen      total 3072K, used 1010K [0x00000000d5580000, 0x00000000d5b80000, 0x0000000100000000)
  eden space 2048K, 0% used [0x00000000d5580000,0x00000000d5580000,0x00000000d5780000)
  from space 1024K, 98% used [0x00000000d5780000,0x00000000d587ca68,0x00000000d5880000)
  to   space 2048K, 0% used [0x00000000d5980000,0x00000000d5980000,0x00000000d5b80000)
 ParOldGen       total 840704K, used 243385K [0x0000000080000000, 0x00000000b3500000, 0x00000000d5580000)
  object space 840704K, 28% used [0x0000000080000000,0x000000008edae6b8,0x00000000b3500000)
 Metaspace       used 66028K, committed 67520K, reserved 1114112K
  class space    used 6720K, committed 7360K, reserved 1048576K
}
Event: 64.324 GC heap before
{Heap before GC invocations=1347 (full 3):
 PSYoungGen      total 3072K, used 3024K [0x00000000d5580000, 0x00000000d5b80000, 0x0000000100000000)
  eden space 2048K, 98% used [0x00000000d5580000,0x00000000d5777660,0x00000000d5780000)
  from space 1024K, 98% used [0x00000000d5780000,0x00000000d587ca68,0x00000000d5880000)
  to   space 2048K, 0% used [0x00000000d5980000,0x00000000d5980000,0x00000000d5b80000)
 ParOldGen       total 840704K, used 243385K [0x0000000080000000, 0x00000000b3500000, 0x00000000d5580000)
  object space 840704K, 28% used [0x0000000080000000,0x000000008edae6b8,0x00000000b3500000)
 Metaspace       used 66055K, committed 67648K, reserved 1114112K
  class space    used 6723K, committed 7424K, reserved 1048576K
}
Event: 64.326 GC heap after
{Heap after GC invocations=1347 (full 3):
 PSYoungGen      total 4096K, used 1808K [0x00000000d5580000, 0x00000000d5b80000, 0x0000000100000000)
  eden space 2048K, 0% used [0x00000000d5580000,0x00000000d5580000,0x00000000d5780000)
  from space 2048K, 88% used [0x00000000d5980000,0x00000000d5b44210,0x00000000d5b80000)
  to   space 2048K, 0% used [0x00000000d5780000,0x00000000d5780000,0x00000000d5980000)
 ParOldGen       total 840704K, used 243449K [0x0000000080000000, 0x00000000b3500000, 0x00000000d5580000)
  object space 840704K, 28% used [0x0000000080000000,0x000000008edbe6b8,0x00000000b3500000)
 Metaspace       used 66055K, committed 67648K, reserved 1114112K
  class space    used 6723K, committed 7424K, reserved 1048576K
}

